============================================================
  Gmail workflow started at 2026-05-01 01:00:05 UTC
  Version: 51.0
============================================================

01:00:05 - Running decoder self‑test…
01:00:05 - Decoder self‑test passed ✅
01:00:05 - Starting headless Chrome…
01:00:07 - Browser ready.
01:00:07 - No cached session file found.
01:00:07 - Starting full login…
01:00:13 - No cookie popup.
01:00:13 - Typing email…
01:00:13 - Email submitted.
01:00:15 - Password submitted.
01:00:22 - Selecting backup/security code option…
01:00:24 - Selected: //div[@role='link' and contains(.,'code')]
01:00:25 - Code input ready.
01:00:27 - Deleting any leftover bestlog.txt…
01:00:28 - bestlog.txt pushed and verified empty. Encode your code with the C# tool and paste it there.
01:20:45 - Encoded digits found: 0986953336
01:20:45 - Entering decoded security code…
01:20:45 - Code submitted.
