=== Clean Repo Purge v7.0.0 - 2026-05-16 09:55:12 UTC ===
Repository: edukadoj/download_to_repo_from_link
Triggered by: edukadoj
Job ID: 25958992959
Target branch: main

--- Step 1: Download original ZIP ---
Original ZIP size: 32735920 bytes (31.21 MB / .03 GB)
=========================================
CURRENT ZIP SIZE: 31.21 MB
=========================================
Extracting ZIP to fresh directory...
Extraction complete.
Creating fresh Git repository (no history)...
Fresh repo created with all current files.
Force pushing fresh repo to replace remote branch...
Force push completed.
Downloading new ZIP immediately after push...
New ZIP size: 32735920 bytes (31.21 MB / .03 GB)
=========================================
NEW ZIP SIZE: 31.21 MB
=========================================
-----------------------------------------
SIZE REDUCTION (history purged):
  Before: 32735920 bytes
  After:  32735920 bytes
  Reduction: 0 bytes (0 MB)
-----------------------------------------
Pushing log file to logs/ folder...
